<?xml version="1.0" encoding="UTF-8"?>
<!-- Generated by org.testng.reporters.JUnitReportReporter -->
<testsuite hostname="DESKTOP-QJSKI4G" name="Reports.ExtentTest" tests="1" failures="0" timestamp="14 Mar 2020 08:08:16 GMT" time="8.709" errors="0">
  <testcase name="extentReportsDemo" time="8.709" classname="Reports.ExtentTest"/>
</testsuite> <!-- Reports.ExtentTest -->
